<?xml version="1.0" encoding="UTF-8"?>
<!-- Generated by org.testng.reporters.JUnitReportReporter -->
<testsuite hostname="DESKTOP-5T3ASGR" name="qaclickacademy.HashMap_Demo" tests="1" failures="0" timestamp="1 Nov 2019 14:26:40 GMT" time="4.805" errors="0">
  <testcase name="getTest" time="4.805" classname="qaclickacademy.HashMap_Demo"/>
</testsuite> <!-- qaclickacademy.HashMap_Demo -->
