<?xml version="1.0" encoding="UTF-8"?>
<!-- Generated by org.testng.reporters.JUnitReportReporter -->
<testsuite hostname="DESKTOP-5T3ASGR" name="qaclickacademy.Jira_Test" tests="1" failures="0" timestamp="31 Oct 2019 12:16:49 GMT" time="0.016" errors="0">
  <testcase name="getJiraTest" time="0.016" classname="qaclickacademy.Jira_Test"/>
</testsuite> <!-- qaclickacademy.Jira_Test -->
