<?xml version="1.0" encoding="UTF-8"?>
<!-- Generated by org.testng.reporters.JUnitReportReporter -->
<testsuite hostname="DESKTOP-5T3ASGR" name="qaclickacademy.json_advanced" tests="1" failures="0" timestamp="4 Nov 2019 13:41:00 GMT" time="11.421" errors="0">
  <testcase name="getTest" time="11.421" classname="qaclickacademy.json_advanced"/>
</testsuite> <!-- qaclickacademy.json_advanced -->
