<?xml version="1.0" encoding="UTF-8"?>
<!-- Generated by org.testng.reporters.JUnitReportReporter -->
<testsuite hostname="DESKTOP-5T3ASGR" name="qaclickacademy.Demo" tests="1" failures="0" timestamp="4 Nov 2019 13:43:51 GMT" time="0.384" errors="0">
  <testcase name="test" time="0.384" classname="qaclickacademy.Demo"/>
</testsuite> <!-- qaclickacademy.Demo -->
