<?xml version="1.0" encoding="UTF-8"?>
<!-- Generated by org.testng.reporters.JUnitReportReporter -->
<testsuite hostname="DESKTOP-5T3ASGR" name="qaclickacademy.HashMap_Demo" tests="1" failures="0" timestamp="4 Nov 2019 13:43:51 GMT" time="0.450" errors="0">
  <testcase name="getTest" time="0.450" classname="qaclickacademy.HashMap_Demo"/>
</testsuite> <!-- qaclickacademy.HashMap_Demo -->
