<?xml version="1.0" encoding="UTF-8"?>
<!-- Generated by org.testng.reporters.JUnitReportReporter -->
<testsuite hostname="DESKTOP-5T3ASGR" name="qaclickacademy.post_test" tests="1" failures="0" timestamp="4 Nov 2019 13:43:51 GMT" time="0.747" errors="0">
  <testcase name="getTest" time="0.747" classname="qaclickacademy.post_test"/>
</testsuite> <!-- qaclickacademy.post_test -->
