<?xml version="1.0" encoding="UTF-8"?>
<!-- Generated by org.testng.reporters.JUnitReportReporter -->
<testsuite hostname="DESKTOP-5T3ASGR" name="qaclickacademy.OAuth_Demo" tests="1" failures="0" timestamp="4 Nov 2019 13:43:51 GMT" time="54.574" errors="0">
  <testcase name="getOAuthData" time="54.574" classname="qaclickacademy.OAuth_Demo"/>
</testsuite> <!-- qaclickacademy.OAuth_Demo -->
