<?xml version="1.0" encoding="UTF-8"?>
<!-- Generated by org.testng.reporters.JUnitReportReporter -->
<testsuite hostname="DESKTOP-5T3ASGR" name="qaclickacademy.post_delete_JSON" tests="1" failures="0" timestamp="4 Nov 2019 13:43:51 GMT" time="0.521" errors="0">
  <testcase name="getTest" time="0.521" classname="qaclickacademy.post_delete_JSON"/>
</testsuite> <!-- qaclickacademy.post_delete_JSON -->
