<?xml version="1.0" encoding="UTF-8"?>
<!-- Generated by org.testng.reporters.JUnitReportReporter -->
<testsuite hostname="DESKTOP-5T3ASGR" name="qaclickacademy.Excel_Data_Driven" tests="1" failures="0" timestamp="4 Nov 2019 13:43:51 GMT" time="2.814" errors="0">
  <testcase name="getTest" time="2.814" classname="qaclickacademy.Excel_Data_Driven"/>
</testsuite> <!-- qaclickacademy.Excel_Data_Driven -->
