<?xml version="1.0" encoding="UTF-8"?>
<!-- Generated by org.testng.reporters.JUnitReportReporter -->
<testsuite hostname="DESKTOP-5T3ASGR" name="qaclickacademy.Jira_Test" tests="1" failures="0" timestamp="4 Nov 2019 13:43:51 GMT" time="0.002" errors="0">
  <testcase name="getJiraTest" time="0.002" classname="qaclickacademy.Jira_Test"/>
</testsuite> <!-- qaclickacademy.Jira_Test -->
